  源.cpp
D:\HFUT程序设计作业\课程设计\Project1\Project1\源.cpp(35,9): error C4996: 'fopen': This function or variable may be unsafe. Consider using fopen_s instead. To disable deprecation, use _CRT_SECURE_NO_WARNINGS. See online help for details.
D:\HFUT程序设计作业\课程设计\Project1\Project1\源.cpp(39,4): error C4996: 'scanf': This function or variable may be unsafe. Consider using scanf_s instead. To disable deprecation, use _CRT_SECURE_NO_WARNINGS. See online help for details.
D:\HFUT程序设计作业\课程设计\Project1\Project1\源.cpp(40,9): error C4996: 'fopen': This function or variable may be unsafe. Consider using fopen_s instead. To disable deprecation, use _CRT_SECURE_NO_WARNINGS. See online help for details.
D:\HFUT程序设计作业\课程设计\Project1\Project1\源.cpp(44,5): error C4996: 'scanf': This function or variable may be unsafe. Consider using scanf_s instead. To disable deprecation, use _CRT_SECURE_NO_WARNINGS. See online help for details.
D:\HFUT程序设计作业\课程设计\Project1\Project1\源.cpp(45,10): error C4996: 'fopen': This function or variable may be unsafe. Consider using fopen_s instead. To disable deprecation, use _CRT_SECURE_NO_WARNINGS. See online help for details.
D:\HFUT程序设计作业\课程设计\Project1\Project1\源.cpp(50,9): error C4996: 'fopen': This function or variable may be unsafe. Consider using fopen_s instead. To disable deprecation, use _CRT_SECURE_NO_WARNINGS. See online help for details.
  源1.cpp
D:\HFUT程序设计作业\课程设计\Project1\Project1\源1.cpp(54,25): error C2664: “char *mystrstr(char *,char *)”: 无法将参数 2 从“const char [3]”转换为“char *”
D:\HFUT程序设计作业\课程设计\Project1\Project1\源1.cpp(54,21): message : 从字符串文本转换将丢失 const 限定符(请参阅 /Zc:strictStrings)
D:\HFUT程序设计作业\课程设计\Project1\Project1\源1.cpp(18,7): message : 参见“mystrstr”的声明
D:\HFUT程序设计作业\课程设计\Project1\Project1\源1.cpp(55,25): error C2664: “char *mystrstr(char *,char *)”: 无法将参数 2 从“const char [3]”转换为“char *”
D:\HFUT程序设计作业\课程设计\Project1\Project1\源1.cpp(55,21): message : 从字符串文本转换将丢失 const 限定符(请参阅 /Zc:strictStrings)
D:\HFUT程序设计作业\课程设计\Project1\Project1\源1.cpp(18,7): message : 参见“mystrstr”的声明
D:\HFUT程序设计作业\课程设计\Project1\Project1\源1.cpp(56,25): error C2664: “char *mystrstr(char *,char *)”: 无法将参数 2 从“const char [3]”转换为“char *”
D:\HFUT程序设计作业\课程设计\Project1\Project1\源1.cpp(56,21): message : 从字符串文本转换将丢失 const 限定符(请参阅 /Zc:strictStrings)
D:\HFUT程序设计作业\课程设计\Project1\Project1\源1.cpp(18,7): message : 参见“mystrstr”的声明
D:\HFUT程序设计作业\课程设计\Project1\Project1\源1.cpp(85,24): error C2664: “char *mystrstr(char *,char *)”: 无法将参数 2 从“const char [2]”转换为“char *”
D:\HFUT程序设计作业\课程设计\Project1\Project1\源1.cpp(85,21): message : 从字符串文本转换将丢失 const 限定符(请参阅 /Zc:strictStrings)
D:\HFUT程序设计作业\课程设计\Project1\Project1\源1.cpp(18,7): message : 参见“mystrstr”的声明
D:\HFUT程序设计作业\课程设计\Project1\Project1\源1.cpp(86,24): error C2664: “char *mystrstr(char *,char *)”: 无法将参数 2 从“const char [2]”转换为“char *”
D:\HFUT程序设计作业\课程设计\Project1\Project1\源1.cpp(86,21): message : 从字符串文本转换将丢失 const 限定符(请参阅 /Zc:strictStrings)
D:\HFUT程序设计作业\课程设计\Project1\Project1\源1.cpp(18,7): message : 参见“mystrstr”的声明
D:\HFUT程序设计作业\课程设计\Project1\Project1\源1.cpp(87,25): error C2664: “char *mystrstr(char *,char *)”: 无法将参数 2 从“const char [3]”转换为“char *”
D:\HFUT程序设计作业\课程设计\Project1\Project1\源1.cpp(87,21): message : 从字符串文本转换将丢失 const 限定符(请参阅 /Zc:strictStrings)
D:\HFUT程序设计作业\课程设计\Project1\Project1\源1.cpp(18,7): message : 参见“mystrstr”的声明
D:\HFUT程序设计作业\课程设计\Project1\Project1\源1.cpp(88,28): error C2664: “char *mystrstr(char *,char *)”: 无法将参数 2 从“const char [6]”转换为“char *”
D:\HFUT程序设计作业\课程设计\Project1\Project1\源1.cpp(88,21): message : 从字符串文本转换将丢失 const 限定符(请参阅 /Zc:strictStrings)
D:\HFUT程序设计作业\课程设计\Project1\Project1\源1.cpp(18,7): message : 参见“mystrstr”的声明
D:\HFUT程序设计作业\课程设计\Project1\Project1\源1.cpp(89,26): error C2664: “char *mystrstr(char *,char *)”: 无法将参数 2 从“const char [4]”转换为“char *”
D:\HFUT程序设计作业\课程设计\Project1\Project1\源1.cpp(89,21): message : 从字符串文本转换将丢失 const 限定符(请参阅 /Zc:strictStrings)
D:\HFUT程序设计作业\课程设计\Project1\Project1\源1.cpp(18,7): message : 参见“mystrstr”的声明
D:\HFUT程序设计作业\课程设计\Project1\Project1\源1.cpp(90,29): error C2664: “char *mystrstr(char *,char *)”: 无法将参数 2 从“const char [7]”转换为“char *”
D:\HFUT程序设计作业\课程设计\Project1\Project1\源1.cpp(90,21): message : 从字符串文本转换将丢失 const 限定符(请参阅 /Zc:strictStrings)
D:\HFUT程序设计作业\课程设计\Project1\Project1\源1.cpp(18,7): message : 参见“mystrstr”的声明
D:\HFUT程序设计作业\课程设计\Project1\Project1\源1.cpp(100,2): error C3861: “gets”: 找不到标识符
  正在生成代码...
